<?xml version="1.0" encoding="UTF-8"?>
<testsuite xmlns:xsi="http://www.w3.org/2001/XMLSchema-instance" xsi:noNamespaceSchemaLocation="https://maven.apache.org/surefire/maven-surefire-plugin/xsd/surefire-test-report-3.0.xsd" version="3.0" name="vttp.ssf.assessment.eventmanagement.EventmanagementApplicationTests" time="6.895" tests="1" errors="0" skipped="0" failures="0">
  <properties>
[...]
</properties>
  <testcase name="contextLoads" classname="vttp.ssf.assessment.eventmanagement.EventmanagementApplicationTests" time="1.828">
    <system-out><![CDATA[16:23:56.135 [main] INFO org.springframework.test.context.support.AnnotationConfigContextLoaderUtils -- Could not detect default configuration classes for test class [vttp.ssf.assessment.eventmanagement.EventmanagementApplicationTests]: EventmanagementApplicationTests does not declare any static, non-private, non-final, nested classes annotated with @Configuration.
16:23:56.325 [main] INFO org.springframework.boot.test.context.SpringBootTestContextBootstrapper -- Found @SpringBootConfiguration vttp.ssf.assessment.eventmanagement.EventmanagementApplication for test class vttp.ssf.assessment.eventmanagement.EventmanagementApplicationTests
16:23:56.605 [main] INFO org.springframework.boot.devtools.restart.RestartApplicationListener -- Restart disabled due to context in which it is running

  .   ____          _            __ _ _
 /\\ / ___'_ __ _ _(_)_ __  __ _ \ \ \ \
( ( )\___ | '_ | '_| | '_ \/ _` | \ \ \ \
 \\/  ___)| |_)| | | | | || (_| |  ) ) ) )
  '  |____| .__|_| |_|_| |_\__, | / / / /
 =========|_|==============|___/=/_/_/_/
 :: Spring Boot ::                (v3.2.0)

2023-12-15T16:23:57.133+08:00  WARN 17300 --- [           main] ory$DuplicateJsonObjectContextCustomizer : 

Found multiple occurrences of org.json.JSONObject on the class path:

	jar:file:/Users/anjalieaswaran/.m2/repository/com/vaadin/external/google/android-json/0.0.20131108.vaadin1/android-json-0.0.20131108.vaadin1.jar!/org/json/JSONObject.class
	jar:file:/Users/anjalieaswaran/.m2/repository/org/json/json/20231013/json-20231013.jar!/org/json/JSONObject.class

You may wish to exclude one of them to ensure predictable runtime behavior

2023-12-15T16:23:57.178+08:00  INFO 17300 --- [           main] v.s.a.e.EventmanagementApplicationTests  : Starting EventmanagementApplicationTests using Java 21 with PID 17300 (started by anjalieaswaran in /Users/anjalieaswaran/Documents/VTTP/GitHub/ssf-assessment)
2023-12-15T16:23:57.179+08:00  INFO 17300 --- [           main] v.s.a.e.EventmanagementApplicationTests  : No active profile set, falling back to 1 default profile: "default"
2023-12-15T16:23:58.522+08:00  INFO 17300 --- [           main] .s.d.r.c.RepositoryConfigurationDelegate : Multiple Spring Data modules found, entering strict repository configuration mode
2023-12-15T16:23:58.525+08:00  INFO 17300 --- [           main] .s.d.r.c.RepositoryConfigurationDelegate : Bootstrapping Spring Data Redis repositories in DEFAULT mode.
2023-12-15T16:23:58.568+08:00  INFO 17300 --- [           main] .s.d.r.c.RepositoryConfigurationDelegate : Finished Spring Data repository scanning in 22 ms. Found 0 Redis repository interfaces.
2023-12-15T16:24:00.515+08:00  INFO 17300 --- [           main] v.s.a.e.EventmanagementApplicationTests  : Started EventmanagementApplicationTests in 3.932 seconds (process running for 6.158)
[	{ 		"eventId": 1,		"eventName": "Christmas Eve Party",		"eventSize": 20,		"eventDate": 1703415600000,		"participants": 0	},	{		"eventId": 2,		"eventName": "Round Singapore Cycling",		"eventSize": 5,		"eventDate": 1702857600000,		"participants": 0	},	{		"eventId": 3,		"eventName": "Intro to SCRATCH",		"eventSize": 5,		"eventDate": 1704502800000,		"participants": 0	},	{		"eventId": 4,		"eventName": "JB Shopping !",		"eventSize": 5,		"eventDate": 1699837200000,		"participants": 0	}]
Event [eventId=1, eventName=Christmas Eve Party, eventSize=20, eventDate=Sun Dec 24 19:00:00 SGT 2023, participants=0]
Event [eventId=2, eventName=Round Singapore Cycling, eventSize=5, eventDate=Mon Dec 18 08:00:00 SGT 2023, participants=0]
Event [eventId=3, eventName=Intro to SCRATCH, eventSize=5, eventDate=Sat Jan 06 09:00:00 SGT 2024, participants=0]
Event [eventId=4, eventName=JB Shopping !, eventSize=5, eventDate=Mon Nov 13 09:00:00 SGT 2023, participants=0]
]]></system-out>
    <system-err><![CDATA[WARNING: A Java agent has been loaded dynamically (/Users/anjalieaswaran/.m2/repository/net/bytebuddy/byte-buddy-agent/1.14.10/byte-buddy-agent-1.14.10.jar)
WARNING: If a serviceability tool is in use, please run with -XX:+EnableDynamicAgentLoading to hide this warning
WARNING: If a serviceability tool is not in use, please run with -Djdk.instrument.traceUsage for more information
WARNING: Dynamic loading of agents will be disallowed by default in a future release
]]></system-err>
  </testcase>
</testsuite>